<?xml version="1.0" encoding="UTF-8"?>
<testng-results ignored="0" total="5" passed="4" failed="1" skipped="0">
  <reporter-output>
  </reporter-output>
  <suite started-at="2024-04-17T14:31:12 IST" name="Default suite" finished-at="2024-04-17T14:32:44 IST" duration-ms="92098">
    <groups>
    </groups>
    <test started-at="2024-04-17T14:31:12 IST" name="Default test" finished-at="2024-04-17T14:32:44 IST" duration-ms="92098">
      <class name="com.TimesheetDemo.TestCases.FillInTimesheet">
        <test-method is-config="true" signature="screenrecord()[pri:0, instance:com.TimesheetDemo.TestCases.FillInTimesheet@8519cb4]" started-at="2024-04-17T14:31:12 IST" name="screenrecord" finished-at="2024-04-17T14:31:12 IST" duration-ms="197" status="PASS">
          <reporter-output>
          </reporter-output>
        </test-method> <!-- screenrecord -->
        <test-method is-config="true" signature="getReportInstance()[pri:0, instance:com.TimesheetDemo.TestCases.FillInTimesheet@8519cb4]" started-at="2024-04-17T14:31:12 IST" name="getReportInstance" finished-at="2024-04-17T14:31:12 IST" duration-ms="449" status="PASS">
          <reporter-output>
          </reporter-output>
        </test-method> <!-- getReportInstance -->
        <test-method signature="launchURL()[pri:0, instance:com.TimesheetDemo.TestCases.FillInTimesheet@8519cb4]" started-at="2024-04-17T14:31:12 IST" name="launchURL" finished-at="2024-04-17T14:31:21 IST" duration-ms="8218" status="PASS">
          <reporter-output>
          </reporter-output>
        </test-method> <!-- launchURL -->
        <test-method is-config="true" signature="TestResult(org.testng.ITestResult)[pri:0, instance:com.TimesheetDemo.TestCases.FillInTimesheet@8519cb4]" started-at="2024-04-17T14:31:21 IST" name="TestResult" finished-at="2024-04-17T14:31:21 IST" duration-ms="331" status="PASS">
          <params>
            <param index="0">
              <value>
                <![CDATA[[TestResult name=launchURL status=SUCCESS method=FillInTimesheet.launchURL()[pri:0, instance:com.TimesheetDemo.TestCases.FillInTimesheet@8519cb4] output={null}]]]>
              </value>
            </param>
          </params>
          <reporter-output>
          </reporter-output>
        </test-method> <!-- TestResult -->
        <test-method is-config="true" signature="getReportInstance()[pri:0, instance:com.TimesheetDemo.TestCases.FillInTimesheet@8519cb4]" started-at="2024-04-17T14:31:22 IST" name="getReportInstance" finished-at="2024-04-17T14:31:22 IST" duration-ms="46" status="PASS">
          <reporter-output>
          </reporter-output>
        </test-method> <!-- getReportInstance -->
        <test-method signature="login(java.lang.String,java.lang.String)[pri:0, instance:com.TimesheetDemo.TestCases.FillInTimesheet@8519cb4]" started-at="2024-04-17T14:31:22 IST" name="login" data-provider="TestData" finished-at="2024-04-17T14:31:32 IST" depends-on-methods="com.TimesheetDemo.TestCases.FillInTimesheet.launchURL" duration-ms="10059" status="PASS">
          <params>
            <param index="0">
              <value>
                <![CDATA[19048]]>
              </value>
            </param>
            <param index="1">
              <value>
                <![CDATA[Kia@2024]]>
              </value>
            </param>
          </params>
          <reporter-output>
          </reporter-output>
        </test-method> <!-- login -->
        <test-method is-config="true" signature="TestResult(org.testng.ITestResult)[pri:0, instance:com.TimesheetDemo.TestCases.FillInTimesheet@8519cb4]" started-at="2024-04-17T14:31:32 IST" name="TestResult" finished-at="2024-04-17T14:31:32 IST" duration-ms="53" status="PASS">
          <params>
            <param index="0">
              <value>
                <![CDATA[[TestResult name=login status=SUCCESS method=FillInTimesheet.login(java.lang.String,java.lang.String)[pri:0, instance:com.TimesheetDemo.TestCases.FillInTimesheet@8519cb4] output={null}]]]>
              </value>
            </param>
          </params>
          <reporter-output>
          </reporter-output>
        </test-method> <!-- TestResult -->
        <test-method is-config="true" signature="getReportInstance()[pri:0, instance:com.TimesheetDemo.TestCases.FillInTimesheet@8519cb4]" started-at="2024-04-17T14:31:32 IST" name="getReportInstance" finished-at="2024-04-17T14:31:32 IST" duration-ms="51" status="PASS">
          <reporter-output>
          </reporter-output>
        </test-method> <!-- getReportInstance -->
        <test-method signature="clickOnTimesheetEntry()[pri:0, instance:com.TimesheetDemo.TestCases.FillInTimesheet@8519cb4]" started-at="2024-04-17T14:31:32 IST" name="clickOnTimesheetEntry" finished-at="2024-04-17T14:31:35 IST" depends-on-methods="com.TimesheetDemo.TestCases.FillInTimesheet.login" duration-ms="2860" status="PASS">
          <reporter-output>
          </reporter-output>
        </test-method> <!-- clickOnTimesheetEntry -->
        <test-method is-config="true" signature="TestResult(org.testng.ITestResult)[pri:0, instance:com.TimesheetDemo.TestCases.FillInTimesheet@8519cb4]" started-at="2024-04-17T14:31:35 IST" name="TestResult" finished-at="2024-04-17T14:31:35 IST" duration-ms="33" status="PASS">
          <params>
            <param index="0">
              <value>
                <![CDATA[[TestResult name=clickOnTimesheetEntry status=SUCCESS method=FillInTimesheet.clickOnTimesheetEntry()[pri:0, instance:com.TimesheetDemo.TestCases.FillInTimesheet@8519cb4] output={null}]]]>
              </value>
            </param>
          </params>
          <reporter-output>
          </reporter-output>
        </test-method> <!-- TestResult -->
        <test-method is-config="true" signature="getReportInstance()[pri:0, instance:com.TimesheetDemo.TestCases.FillInTimesheet@8519cb4]" started-at="2024-04-17T14:31:35 IST" name="getReportInstance" finished-at="2024-04-17T14:31:35 IST" duration-ms="39" status="PASS">
          <reporter-output>
          </reporter-output>
        </test-method> <!-- getReportInstance -->
        <test-method signature="enterTimesheet()[pri:0, instance:com.TimesheetDemo.TestCases.FillInTimesheet@8519cb4]" started-at="2024-04-17T14:31:35 IST" name="enterTimesheet" finished-at="2024-04-17T14:31:43 IST" depends-on-methods="com.TimesheetDemo.TestCases.FillInTimesheet.clickOnTimesheetEntry" duration-ms="8010" status="PASS">
          <reporter-output>
          </reporter-output>
        </test-method> <!-- enterTimesheet -->
        <test-method is-config="true" signature="TestResult(org.testng.ITestResult)[pri:0, instance:com.TimesheetDemo.TestCases.FillInTimesheet@8519cb4]" started-at="2024-04-17T14:31:43 IST" name="TestResult" finished-at="2024-04-17T14:31:43 IST" duration-ms="39" status="PASS">
          <params>
            <param index="0">
              <value>
                <![CDATA[[TestResult name=enterTimesheet status=SUCCESS method=FillInTimesheet.enterTimesheet()[pri:0, instance:com.TimesheetDemo.TestCases.FillInTimesheet@8519cb4] output={null}]]]>
              </value>
            </param>
          </params>
          <reporter-output>
          </reporter-output>
        </test-method> <!-- TestResult -->
        <test-method is-config="true" signature="getReportInstance()[pri:0, instance:com.TimesheetDemo.TestCases.FillInTimesheet@8519cb4]" started-at="2024-04-17T14:31:43 IST" name="getReportInstance" finished-at="2024-04-17T14:31:43 IST" duration-ms="26" status="PASS">
          <reporter-output>
          </reporter-output>
        </test-method> <!-- getReportInstance -->
        <test-method signature="timesheetSave()[pri:0, instance:com.TimesheetDemo.TestCases.FillInTimesheet@8519cb4]" started-at="2024-04-17T14:31:43 IST" name="timesheetSave" finished-at="2024-04-17T14:32:44 IST" depends-on-methods="com.TimesheetDemo.TestCases.FillInTimesheet.enterTimesheet" duration-ms="60290" status="FAIL">
          <exception class="org.openqa.selenium.TimeoutException">
            <message>
              <![CDATA[Expected condition failed: waiting for element to be clickable: By.xpath: //div[@class='actionToSave']//input[@name='buttonSave'] (tried for 60 second(s) with 500 milliseconds interval)]]>
            </message>
            <full-stacktrace>
              <![CDATA[org.openqa.selenium.TimeoutException: Expected condition failed: waiting for element to be clickable: By.xpath: //div[@class='actionToSave']//input[@name='buttonSave'] (tried for 60 second(s) with 500 milliseconds interval)
at org.openqa.selenium.support.ui.WebDriverWait.timeoutException(WebDriverWait.java:84)
at org.openqa.selenium.support.ui.FluentWait.until(FluentWait.java:228)
at ExplicitWaitFunctions.ExplicitWaitFunction.waitElementToBeClickable(ExplicitWaitFunction.java:45)
at com.TimesheetDemo.Commons.WebConfigurations.clickOnElement(WebConfigurations.java:23)
at com.TimesheetDemo.Pages.TimesheetEntry.saveDetails(TimesheetEntry.java:78)
at com.TimesheetDemo.TestCases.FillInTimesheet.timesheetSave(FillInTimesheet.java:77)
at java.base/jdk.internal.reflect.NativeMethodAccessorImpl.invoke0(Native Method)
at java.base/jdk.internal.reflect.NativeMethodAccessorImpl.invoke(NativeMethodAccessorImpl.java:77)
at java.base/jdk.internal.reflect.DelegatingMethodAccessorImpl.invoke(DelegatingMethodAccessorImpl.java:43)
at java.base/java.lang.reflect.Method.invoke(Method.java:568)
at org.testng.internal.invokers.MethodInvocationHelper.invokeMethod(MethodInvocationHelper.java:139)
at org.testng.internal.invokers.TestInvoker.invokeMethod(TestInvoker.java:664)
at org.testng.internal.invokers.TestInvoker.invokeTestMethod(TestInvoker.java:227)
at org.testng.internal.invokers.MethodRunner.runInSequence(MethodRunner.java:50)
at org.testng.internal.invokers.TestInvoker$MethodInvocationAgent.invoke(TestInvoker.java:957)
at org.testng.internal.invokers.TestInvoker.invokeTestMethods(TestInvoker.java:200)
at org.testng.internal.invokers.TestMethodWorker.invokeTestMethods(TestMethodWorker.java:148)
at org.testng.internal.invokers.TestMethodWorker.run(TestMethodWorker.java:128)
at java.base/java.util.ArrayList.forEach(ArrayList.java:1511)
at org.testng.TestRunner.privateRun(TestRunner.java:848)
at org.testng.TestRunner.run(TestRunner.java:621)
at org.testng.SuiteRunner.runTest(SuiteRunner.java:443)
at org.testng.SuiteRunner.runSequentially(SuiteRunner.java:437)
at org.testng.SuiteRunner.privateRun(SuiteRunner.java:397)
at org.testng.SuiteRunner.run(SuiteRunner.java:336)
at org.testng.SuiteRunnerWorker.runSuite(SuiteRunnerWorker.java:52)
at org.testng.SuiteRunnerWorker.run(SuiteRunnerWorker.java:95)
at org.testng.TestNG.runSuitesSequentially(TestNG.java:1280)
at org.testng.TestNG.runSuitesLocally(TestNG.java:1200)
at org.testng.TestNG.runSuites(TestNG.java:1114)
at org.testng.TestNG.run(TestNG.java:1082)
at org.testng.remote.AbstractRemoteTestNG.run(AbstractRemoteTestNG.java:115)
at org.testng.remote.RemoteTestNG.initAndRun(RemoteTestNG.java:293)
at org.testng.remote.RemoteTestNG.main(RemoteTestNG.java:91)
Caused by: org.openqa.selenium.NoSuchWindowException: no such window: target window already closed
from unknown error: web view not found
  (Session info: chrome=123.0.6312.123)
Build info: version: '4.17.0', revision: 'e52b1be057*'
System info: os.name: 'Windows 10', os.arch: 'amd64', os.version: '10.0', java.version: '17.0.9'
Driver info: org.openqa.selenium.chrome.ChromeDriver
Command: [7647686497b30e4185ef10b28bcec63e, findElement {using=xpath, value=//div[@class='actionToSave']//input[@name='buttonSave']}]
Capabilities {acceptInsecureCerts: false, browserName: chrome, browserVersion: 123.0.6312.123, chrome: {chromedriverVersion: 123.0.6312.122 (31f8248cdd9..., userDataDir: C:\Users\19048\AppData\Loca...}, fedcm:accounts: true, goog:chromeOptions: {debuggerAddress: localhost:53785}, networkConnectionEnabled: false, pageLoadStrategy: normal, platformName: windows, proxy: Proxy(), se:cdp: ws://localhost:53785/devtoo..., se:cdpVersion: 123.0.6312.123, setWindowRect: true, strictFileInteractability: false, timeouts: {implicit: 0, pageLoad: 300000, script: 30000}, unhandledPromptBehavior: dismiss and notify, webauthn:extension:credBlob: true, webauthn:extension:largeBlob: true, webauthn:extension:minPinLength: true, webauthn:extension:prf: true, webauthn:virtualAuthenticators: true}
Session ID: 7647686497b30e4185ef10b28bcec63e
at jdk.internal.reflect.GeneratedConstructorAccessor15.newInstance(Unknown Source)
at java.base/jdk.internal.reflect.DelegatingConstructorAccessorImpl.newInstance(DelegatingConstructorAccessorImpl.java:45)
at java.base/java.lang.reflect.Constructor.newInstanceWithCaller(Constructor.java:499)
at java.base/java.lang.reflect.Constructor.newInstance(Constructor.java:480)
at org.openqa.selenium.remote.codec.w3c.W3CHttpResponseCodec.createException(W3CHttpResponseCodec.java:185)
at org.openqa.selenium.remote.codec.w3c.W3CHttpResponseCodec.decode(W3CHttpResponseCodec.java:134)
at org.openqa.selenium.remote.codec.w3c.W3CHttpResponseCodec.decode(W3CHttpResponseCodec.java:51)
at org.openqa.selenium.remote.HttpCommandExecutor.execute(HttpCommandExecutor.java:190)
at org.openqa.selenium.remote.service.DriverCommandExecutor.invokeExecute(DriverCommandExecutor.java:216)
at org.openqa.selenium.remote.service.DriverCommandExecutor.execute(DriverCommandExecutor.java:174)
at org.openqa.selenium.remote.RemoteWebDriver.execute(RemoteWebDriver.java:519)
at org.openqa.selenium.remote.ElementLocation$ElementFinder$2.findElement(ElementLocation.java:165)
at org.openqa.selenium.remote.ElementLocation.findElement(ElementLocation.java:59)
at org.openqa.selenium.remote.RemoteWebDriver.findElement(RemoteWebDriver.java:356)
at org.openqa.selenium.remote.RemoteWebDriver.findElement(RemoteWebDriver.java:350)
at org.openqa.selenium.support.ui.ExpectedConditions$7.apply(ExpectedConditions.java:194)
at org.openqa.selenium.support.ui.ExpectedConditions$7.apply(ExpectedConditions.java:190)
at org.openqa.selenium.support.ui.ExpectedConditions$22.apply(ExpectedConditions.java:627)
at org.openqa.selenium.support.ui.ExpectedConditions$22.apply(ExpectedConditions.java:624)
at org.openqa.selenium.support.ui.FluentWait.until(FluentWait.java:203)
... 32 more
]]>
            </full-stacktrace>
          </exception> <!-- org.openqa.selenium.TimeoutException -->
          <reporter-output>
          </reporter-output>
        </test-method> <!-- timesheetSave -->
        <test-method is-config="true" signature="TestResult(org.testng.ITestResult)[pri:0, instance:com.TimesheetDemo.TestCases.FillInTimesheet@8519cb4]" started-at="2024-04-17T14:32:44 IST" name="TestResult" finished-at="2024-04-17T14:32:44 IST" duration-ms="31" status="PASS">
          <params>
            <param index="0">
              <value>
                <![CDATA[[TestResult name=timesheetSave status=FAILURE method=FillInTimesheet.timesheetSave()[pri:0, instance:com.TimesheetDemo.TestCases.FillInTimesheet@8519cb4] output={null}]]]>
              </value>
            </param>
          </params>
          <reporter-output>
          </reporter-output>
        </test-method> <!-- TestResult -->
        <test-method is-config="true" signature="stoprec()[pri:0, instance:com.TimesheetDemo.TestCases.FillInTimesheet@8519cb4]" started-at="2024-04-17T14:32:44 IST" name="stoprec" finished-at="2024-04-17T14:32:44 IST" duration-ms="2" status="FAIL">
          <exception class="org.openqa.selenium.NoSuchWindowException">
            <message>
              <![CDATA[no such window: target window already closed
from unknown error: web view not found
  (Session info: chrome=123.0.6312.123)
Build info: version: '4.17.0', revision: 'e52b1be057*'
System info: os.name: 'Windows 10', os.arch: 'amd64', os.version: '10.0', java.version: '17.0.9'
Driver info: org.openqa.selenium.chrome.ChromeDriver
Command: [7647686497b30e4185ef10b28bcec63e, goBack {}]
Capabilities {acceptInsecureCerts: false, browserName: chrome, browserVersion: 123.0.6312.123, chrome: {chromedriverVersion: 123.0.6312.122 (31f8248cdd9..., userDataDir: C:\Users\19048\AppData\Loca...}, fedcm:accounts: true, goog:chromeOptions: {debuggerAddress: localhost:53785}, networkConnectionEnabled: false, pageLoadStrategy: normal, platformName: windows, proxy: Proxy(), se:cdp: ws://localhost:53785/devtoo..., se:cdpVersion: 123.0.6312.123, setWindowRect: true, strictFileInteractability: false, timeouts: {implicit: 0, pageLoad: 300000, script: 30000}, unhandledPromptBehavior: dismiss and notify, webauthn:extension:credBlob: true, webauthn:extension:largeBlob: true, webauthn:extension:minPinLength: true, webauthn:extension:prf: true, webauthn:virtualAuthenticators: true}
Session ID: 7647686497b30e4185ef10b28bcec63e]]>
            </message>
            <full-stacktrace>
              <![CDATA[org.openqa.selenium.NoSuchWindowException: no such window: target window already closed
from unknown error: web view not found
  (Session info: chrome=123.0.6312.123)
Build info: version: '4.17.0', revision: 'e52b1be057*'
System info: os.name: 'Windows 10', os.arch: 'amd64', os.version: '10.0', java.version: '17.0.9'
Driver info: org.openqa.selenium.chrome.ChromeDriver
Command: [7647686497b30e4185ef10b28bcec63e, goBack {}]
Capabilities {acceptInsecureCerts: false, browserName: chrome, browserVersion: 123.0.6312.123, chrome: {chromedriverVersion: 123.0.6312.122 (31f8248cdd9..., userDataDir: C:\Users\19048\AppData\Loca...}, fedcm:accounts: true, goog:chromeOptions: {debuggerAddress: localhost:53785}, networkConnectionEnabled: false, pageLoadStrategy: normal, platformName: windows, proxy: Proxy(), se:cdp: ws://localhost:53785/devtoo..., se:cdpVersion: 123.0.6312.123, setWindowRect: true, strictFileInteractability: false, timeouts: {implicit: 0, pageLoad: 300000, script: 30000}, unhandledPromptBehavior: dismiss and notify, webauthn:extension:credBlob: true, webauthn:extension:largeBlob: true, webauthn:extension:minPinLength: true, webauthn:extension:prf: true, webauthn:virtualAuthenticators: true}
Session ID: 7647686497b30e4185ef10b28bcec63e
at jdk.internal.reflect.GeneratedConstructorAccessor15.newInstance(Unknown Source)
at java.base/jdk.internal.reflect.DelegatingConstructorAccessorImpl.newInstance(DelegatingConstructorAccessorImpl.java:45)
at java.base/java.lang.reflect.Constructor.newInstanceWithCaller(Constructor.java:499)
at java.base/java.lang.reflect.Constructor.newInstance(Constructor.java:480)
at org.openqa.selenium.remote.codec.w3c.W3CHttpResponseCodec.createException(W3CHttpResponseCodec.java:185)
at org.openqa.selenium.remote.codec.w3c.W3CHttpResponseCodec.decode(W3CHttpResponseCodec.java:134)
at org.openqa.selenium.remote.codec.w3c.W3CHttpResponseCodec.decode(W3CHttpResponseCodec.java:51)
at org.openqa.selenium.remote.HttpCommandExecutor.execute(HttpCommandExecutor.java:190)
at org.openqa.selenium.remote.service.DriverCommandExecutor.invokeExecute(DriverCommandExecutor.java:216)
at org.openqa.selenium.remote.service.DriverCommandExecutor.execute(DriverCommandExecutor.java:174)
at org.openqa.selenium.remote.RemoteWebDriver.execute(RemoteWebDriver.java:519)
at org.openqa.selenium.remote.RemoteWebDriver.execute(RemoteWebDriver.java:592)
at org.openqa.selenium.remote.RemoteWebDriver.execute(RemoteWebDriver.java:596)
at org.openqa.selenium.remote.RemoteWebDriver$RemoteNavigation.back(RemoteWebDriver.java:1054)
at com.TimesheetDemo.Pages.TimesheetEntry.logout(TimesheetEntry.java:83)
at com.TimesheetDemo.TestCases.FillInTimesheet.stoprec(FillInTimesheet.java:100)
at java.base/jdk.internal.reflect.NativeMethodAccessorImpl.invoke0(Native Method)
at java.base/jdk.internal.reflect.NativeMethodAccessorImpl.invoke(NativeMethodAccessorImpl.java:77)
at java.base/jdk.internal.reflect.DelegatingMethodAccessorImpl.invoke(DelegatingMethodAccessorImpl.java:43)
at java.base/java.lang.reflect.Method.invoke(Method.java:568)
at org.testng.internal.invokers.MethodInvocationHelper.invokeMethod(MethodInvocationHelper.java:139)
at org.testng.internal.invokers.MethodInvocationHelper.invokeMethodConsideringTimeout(MethodInvocationHelper.java:69)
at org.testng.internal.invokers.ConfigInvoker.invokeConfigurationMethod(ConfigInvoker.java:390)
at org.testng.internal.invokers.ConfigInvoker.invokeConfigurations(ConfigInvoker.java:325)
at org.testng.internal.invokers.TestMethodWorker.invokeAfterClassConfigurations(TestMethodWorker.java:229)
at org.testng.internal.invokers.TestMethodWorker.invokeAfterClassMethods(TestMethodWorker.java:215)
at org.testng.internal.invokers.TestMethodWorker.run(TestMethodWorker.java:131)
at java.base/java.util.ArrayList.forEach(ArrayList.java:1511)
at org.testng.TestRunner.privateRun(TestRunner.java:848)
at org.testng.TestRunner.run(TestRunner.java:621)
at org.testng.SuiteRunner.runTest(SuiteRunner.java:443)
at org.testng.SuiteRunner.runSequentially(SuiteRunner.java:437)
at org.testng.SuiteRunner.privateRun(SuiteRunner.java:397)
at org.testng.SuiteRunner.run(SuiteRunner.java:336)
at org.testng.SuiteRunnerWorker.runSuite(SuiteRunnerWorker.java:52)
at org.testng.SuiteRunnerWorker.run(SuiteRunnerWorker.java:95)
at org.testng.TestNG.runSuitesSequentially(TestNG.java:1280)
at org.testng.TestNG.runSuitesLocally(TestNG.java:1200)
at org.testng.TestNG.runSuites(TestNG.java:1114)
at org.testng.TestNG.run(TestNG.java:1082)
at org.testng.remote.AbstractRemoteTestNG.run(AbstractRemoteTestNG.java:115)
at org.testng.remote.RemoteTestNG.initAndRun(RemoteTestNG.java:293)
at org.testng.remote.RemoteTestNG.main(RemoteTestNG.java:91)
]]>
            </full-stacktrace>
          </exception> <!-- org.openqa.selenium.NoSuchWindowException -->
          <reporter-output>
          </reporter-output>
        </test-method> <!-- stoprec -->
      </class> <!-- com.TimesheetDemo.TestCases.FillInTimesheet -->
    </test> <!-- Default test -->
  </suite> <!-- Default suite -->
</testng-results>
